 1.000000E+01 2.558121E-08
 1.019184E+01 2.542479E-08
 1.038736E+01 2.526266E-08
 1.058663E+01 2.509443E-08
 1.078972E+01 2.492248E-08
 1.099671E+01 2.474519E-08
 1.120767E+01 2.456603E-08
 1.142268E+01 2.438190E-08
 1.164181E+01 2.419705E-08
 1.186515E+01 2.400744E-08
 1.209277E+01 2.381755E-08
 1.232476E+01 2.362312E-08
 1.256119E+01 2.342792E-08
 1.280217E+01 2.322857E-08
 1.304776E+01 2.302719E-08
 1.329807E+01 2.282281E-08
 1.355318E+01 2.261495E-08
 1.381318E+01 2.240581E-08
 1.407817E+01 2.219198E-08
 1.434825E+01 2.197884E-08
 1.462351E+01 2.176060E-08
 1.490404E+01 2.154470E-08
 1.518996E+01 2.132344E-08
 1.548136E+01 2.110569E-08
 1.577836E+01 2.088254E-08
 1.608105E+01 2.066181E-08
 1.638955E+01 2.043698E-08
 1.670396E+01 2.021141E-08
 1.702441E+01 1.998311E-08
 1.735101E+01 1.975130E-08
 1.768387E+01 1.951711E-08
 1.802311E+01 1.927831E-08
 1.836887E+01 1.903703E-08
 1.872126E+01 1.879171E-08
 1.908040E+01 1.854434E-08
 1.944644E+01 1.829434E-08
 1.981950E+01 1.804373E-08
 2.019972E+01 1.779183E-08
 2.058723E+01 1.754056E-08
 2.098217E+01 1.728907E-08
 2.138469E+01 1.703869E-08
 2.179493E+01 1.678945E-08
 2.221305E+01 1.654183E-08
 2.263918E+01 1.629591E-08
 2.307349E+01 1.605250E-08
 2.351613E+01 1.581057E-08
 2.396726E+01 1.557110E-08
 2.442705E+01 1.533308E-08
 2.489566E+01 1.509643E-08
 2.537325E+01 1.486040E-08
 2.586001E+01 1.462462E-08
 2.635611E+01 1.438878E-08
 2.686173E+01 1.415188E-08
 2.737704E+01 1.391521E-08
 2.790224E+01 1.367692E-08
 2.843751E+01 1.343948E-08
 2.898306E+01 1.320108E-08
 2.953907E+01 1.296532E-08
 3.010574E+01 1.272940E-08
 3.068329E+01 1.249771E-08
 3.127192E+01 1.226727E-08
 3.187184E+01 1.204137E-08
 3.248326E+01 1.181814E-08
 3.310642E+01 1.159902E-08
 3.374153E+01 1.138319E-08
 3.438883E+01 1.117042E-08
 3.504854E+01 1.096087E-08
 3.572091E+01 1.075349E-08
 3.640618E+01 1.054832E-08
 3.710459E+01 1.034508E-08
 3.781641E+01 1.014385E-08
 3.854187E+01 9.943805E-09
 3.928126E+01 9.746815E-09
 4.003483E+01 9.549921E-09
 4.080285E+01 9.356905E-09
 4.158561E+01 9.164352E-09
 4.238339E+01 8.975188E-09
 4.319647E+01 8.788445E-09
 4.402515E+01 8.604338E-09
 4.486973E+01 8.424215E-09
 4.573051E+01 8.247008E-09
 4.660780E+01 8.073806E-09
 4.750192E+01 7.904233E-09
 4.841319E+01 7.737506E-09
 4.934195E+01 7.574869E-09
 5.028852E+01 7.413808E-09
 5.125325E+01 7.255817E-09
 5.223649E+01 7.099124E-09
 5.323860E+01 6.944384E-09
 5.425992E+01 6.791086E-09
 5.530084E+01 6.640015E-09
 5.636173E+01 6.490705E-09
 5.744297E+01 6.344424E-09
 5.854495E+01 6.200783E-09
 5.966808E+01 6.060632E-09
 6.081275E+01 5.923544E-09
 6.197938E+01 5.789621E-09
 6.316839E+01 5.658566E-09
 6.438020E+01 5.529954E-09
 6.561527E+01 5.403763E-09
 6.687403E+01 5.279098E-09
 6.815694E+01 5.156409E-09
 6.946446E+01 5.035133E-09
 7.079706E+01 4.915898E-09
 7.215523E+01 4.798380E-09
 7.353945E+01 4.683148E-09
 7.495023E+01 4.570474E-09
 7.638807E+01 4.459726E-09
 7.785349E+01 4.352157E-09
 7.934703E+01 4.246144E-09
 8.086922E+01 4.143123E-09
 8.242061E+01 4.041567E-09
 8.400176E+01 3.942423E-09
 8.561325E+01 3.844502E-09
 8.725565E+01 3.748478E-09
 8.892956E+01 3.653616E-09
 9.063558E+01 3.561003E-09
 9.237432E+01 3.469544E-09
 9.414643E+01 3.381005E-09
 9.595253E+01 3.293834E-09
 9.779328E+01 3.209513E-09
 9.966934E+01 3.126325E-09
 1.015814E+02 3.046101E-09
 1.035301E+02 2.966244E-09
 1.055162E+02 2.889255E-09
 1.075405E+02 2.812557E-09
 1.096035E+02 2.738436E-09
 1.117061E+02 2.665118E-09
 1.138491E+02 2.594311E-09
 1.160332E+02 2.524654E-09
 1.182591E+02 2.457773E-09
 1.205278E+02 2.391458E-09
 1.228400E+02 2.328234E-09
 1.251966E+02 2.265143E-09
 1.275983E+02 2.204504E-09
 1.300462E+02 2.144905E-09
 1.325410E+02 2.086799E-09
 1.350836E+02 2.030393E-09
 1.376751E+02 1.975314E-09
 1.403162E+02 1.921822E-09
 1.430081E+02 1.870143E-09
 1.457515E+02 1.819396E-09
 1.485476E+02 1.770681E-09
 1.513973E+02 1.722717E-09
 1.543017E+02 1.676227E-09
 1.572618E+02 1.630995E-09
 1.602788E+02 1.586838E-09
 1.633535E+02 1.544266E-09
 1.664873E+02 1.502707E-09
 1.696812E+02 1.462547E-09
 1.729363E+02 1.423448E-09
 1.762539E+02 1.385382E-09
 1.796352E+02 1.348411E-09
 1.830813E+02 1.312428E-09
 1.865935E+02 1.277369E-09
 1.901731E+02 1.243550E-09
 1.938214E+02 1.210487E-09
 1.975396E+02 1.178682E-09
 2.013292E+02 1.147395E-09
 2.051915E+02 1.117374E-09
 2.091279E+02 1.087767E-09
 2.131398E+02 1.059320E-09
 2.172287E+02 1.031421E-09
 2.213960E+02 1.004591E-09
 2.256432E+02 9.782822E-10
 2.299720E+02 9.529021E-10
 2.343837E+02 9.280605E-10
 2.388801E+02 9.040557E-10
 2.434628E+02 8.806034E-10
 2.481334E+02 8.579234E-10
 2.528935E+02 8.357533E-10
 2.577450E+02 8.143816E-10
 2.626896E+02 7.934338E-10
 2.677290E+02 7.732449E-10
 2.728651E+02 7.534879E-10
 2.780998E+02 7.343427E-10
 2.834348E+02 7.157118E-10
 2.888722E+02 6.976616E-10
 2.944139E+02 6.800285E-10
 3.000619E+02 6.630366E-10
 3.058183E+02 6.463563E-10
 3.116851E+02 6.302545E-10
 3.176645E+02 6.145570E-10
 3.237585E+02 5.992960E-10
 3.299695E+02 5.844887E-10
 3.362996E+02 5.700672E-10
 3.427512E+02 5.560535E-10
 3.493265E+02 5.424167E-10
 3.560280E+02 5.291626E-10
 3.628580E+02 5.162558E-10
 3.698190E+02 5.037328E-10
 3.769136E+02 4.914970E-10
 3.841443E+02 4.796479E-10
 3.915137E+02 4.680544E-10
 3.990245E+02 4.568277E-10
 4.066794E+02 4.458574E-10
 4.144811E+02 4.352015E-10
 4.224325E+02 4.248153E-10
 4.305364E+02 4.146943E-10
 4.387958E+02 4.048429E-10
 4.472136E+02 3.952480E-10
 4.557929E+02 3.859010E-10
 4.645368E+02 3.767811E-10
 4.734485E+02 3.679140E-10
 4.825311E+02 3.592471E-10
 4.917879E+02 3.508164E-10
 5.012224E+02 3.425902E-10
 5.108378E+02 3.345626E-10
 5.206377E+02 3.267433E-10
 5.306256E+02 3.191074E-10
 5.408051E+02 3.116610E-10
 5.511798E+02 3.043977E-10
 5.617536E+02 2.973044E-10
 5.725303E+02 2.903858E-10
 5.835137E+02 2.836281E-10
 5.947078E+02 2.770316E-10
 6.061166E+02 2.705892E-10
 6.177443E+02 2.642983E-10
 6.295951E+02 2.581524E-10
 6.416732E+02 2.521468E-10
 6.539831E+02 2.462822E-10
 6.665290E+02 2.405491E-10
 6.793157E+02 2.349460E-10
 6.923477E+02 2.294707E-10
 7.056296E+02 2.241163E-10
 7.191664E+02 2.188812E-10
 7.329628E+02 2.137640E-10
 7.470239E+02 2.087572E-10
 7.613548E+02 2.038615E-10
 7.759606E+02 1.990722E-10
 7.908466E+02 1.943882E-10
 8.060182E+02 1.898037E-10
 8.214808E+02 1.853202E-10
 8.372400E+02 1.809310E-10
 8.533016E+02 1.766360E-10
 8.696713E+02 1.724332E-10
 8.863550E+02 1.683181E-10
 9.033588E+02 1.642923E-10
 9.206888E+02 1.603484E-10
 9.383512E+02 1.564909E-10
 9.563525E+02 1.527110E-10
 9.746991E+02 1.490137E-10
 9.933977E+02 1.453906E-10
 1.012455E+03 1.418452E-10
 1.031878E+03 1.383725E-10
 1.051673E+03 1.349719E-10
 1.071849E+03 1.316439E-10
 1.092411E+03 1.283821E-10
 1.113368E+03 1.251917E-10
 1.134726E+03 1.220637E-10
 1.156495E+03 1.190049E-10
 1.178681E+03 1.160059E-10
 1.201293E+03 1.130728E-10
 1.224338E+03 1.101980E-10
 1.247826E+03 1.073844E-10
 1.271764E+03 1.046301E-10
 1.296162E+03 1.019320E-10
 1.321027E+03 9.929325E-11
 1.346370E+03 9.670658E-11
 1.372198E+03 9.417860E-11
 1.398523E+03 9.170001E-11
 1.425352E+03 8.927807E-11
 1.452696E+03 8.690435E-11
 1.480564E+03 8.458360E-11
 1.508967E+03 8.231167E-11
 1.537915E+03 8.008860E-11
 1.567418E+03 7.791530E-11
 1.597488E+03 7.578681E-11
 1.628134E+03 7.370813E-11
 1.659368E+03 7.167156E-11
 1.691201E+03 6.968370E-11
 1.723645E+03 6.773670E-11
 1.756711E+03 6.583592E-11
 1.790412E+03 6.397575E-11
 1.824759E+03 6.215854E-11
 1.859765E+03 6.038293E-11
 1.895443E+03 5.864686E-11
 1.931805E+03 5.695282E-11
 1.968865E+03 5.529549E-11
 2.006635E+03 5.367979E-11
 2.045130E+03 5.209902E-11
 2.084364E+03 5.055845E-11
 2.124350E+03 4.905225E-11
 2.165104E+03 4.758356E-11
 2.206639E+03 4.614976E-11
 2.248971E+03 4.475070E-11
 2.292115E+03 4.338695E-11
 2.336087E+03 4.205534E-11
 2.380902E+03 4.075889E-11
 2.426578E+03 3.949267E-11
 2.473129E+03 3.826069E-11
 2.520573E+03 3.705809E-11
 2.568928E+03 3.588786E-11
 2.618210E+03 3.474677E-11
 2.668438E+03 3.363583E-11
 2.719629E+03 3.255426E-11
 2.771802E+03 3.150066E-11
 2.824976E+03 3.047632E-11
 2.879170E+03 2.947809E-11
 2.934404E+03 2.850849E-11
 2.990698E+03 2.756376E-11
 3.048071E+03 2.664646E-11
 3.106545E+03 2.575348E-11
 3.166141E+03 2.488606E-11
 3.226880E+03 2.404289E-11
 3.288784E+03 2.322351E-11
 3.351876E+03 2.242814E-11
 3.416178E+03 2.165494E-11
 3.481714E+03 2.090522E-11
 3.548507E+03 2.017636E-11
 3.616581E+03 1.947009E-11
 3.685962E+03 1.878395E-11
 3.756673E+03 1.811903E-11
 3.828741E+03 1.747379E-11
 3.902191E+03 1.684830E-11
 3.977051E+03 1.624218E-11
 4.053346E+03 1.565445E-11
 4.131105E+03 1.508558E-11
 4.210356E+03 1.453392E-11
 4.291128E+03 1.400040E-11
 4.373448E+03 1.348318E-11
 4.457348E+03 1.298315E-11
 4.542858E+03 1.249885E-11
 4.630008E+03 1.203051E-11
 4.718830E+03 1.157750E-11
 4.809355E+03 1.113933E-11
 4.901618E+03 1.071600E-11
 4.995650E+03 1.030649E-11
 5.091486E+03 9.911216E-12
 5.189161E+03 9.528900E-12
 5.288710E+03 9.160065E-12
 5.390168E+03 8.803587E-12
 5.493573E+03 8.459669E-12
 5.598961E+03 8.127625E-12
 5.706372E+03 7.807229E-12
 5.815842E+03 7.498239E-12
 5.927413E+03 7.200076E-12
 6.041124E+03 6.912793E-12
 6.157017E+03 6.635595E-12
 6.275133E+03 6.368686E-12
 6.395515E+03 6.111249E-12
 6.518206E+03 5.863442E-12
 6.643251E+03 5.624630E-12
 6.770695E+03 5.394718E-12
 6.900583E+03 5.173382E-12
 7.032964E+03 4.960289E-12
 7.167884E+03 4.755329E-12
 7.305392E+03 4.558010E-12
 7.445538E+03 4.368352E-12
 7.588373E+03 4.185805E-12
 7.733948E+03 4.010421E-12
 7.882316E+03 3.841721E-12
 8.033530E+03 3.679644E-12
 8.187644E+03 3.523875E-12
 8.344716E+03 3.374217E-12
 8.504800E+03 3.230502E-12
 8.667956E+03 3.092434E-12
 8.834242E+03 2.959937E-12
 9.003717E+03 2.832665E-12
 9.176444E+03 2.710588E-12
 9.352484E+03 2.593367E-12
 9.531902E+03 2.480957E-12
 9.714762E+03 2.373091E-12
 9.901129E+03 2.269648E-12
 1.009107E+04 2.170458E-12
 1.028466E+04 2.075342E-12
 1.048196E+04 1.984193E-12
 1.068304E+04 1.896797E-12
 1.088799E+04 1.813087E-12
 1.109686E+04 1.732840E-12
 1.130974E+04 1.656002E-12
 1.152671E+04 1.582379E-12
 1.174784E+04 1.511886E-12
 1.197321E+04 1.444383E-12
 1.220290E+04 1.379752E-12
 1.243700E+04 1.317895E-12
 1.267559E+04 1.258678E-12
 1.291876E+04 1.202027E-12
 1.316659E+04 1.147800E-12
 1.341918E+04 1.095942E-12
 1.367661E+04 1.046316E-12
 1.393898E+04 9.988658E-13
 1.420639E+04 9.534795E-13
 1.447892E+04 9.100824E-13
 1.475668E+04 8.685929E-13
 1.503978E+04 8.289253E-13
 1.532830E+04 7.910162E-13
 1.562236E+04 7.547756E-13
 1.592205E+04 7.201523E-13
 1.622750E+04 6.870583E-13
 1.653881E+04 6.554477E-13
 1.685609E+04 6.252430E-13
 1.717946E+04 5.963937E-13
 1.750903E+04 5.688379E-13
 1.784492E+04 5.425200E-13
 1.818725E+04 5.173903E-13
 1.853616E+04 4.933917E-13
 1.889175E+04 4.704829E-13
 1.925417E+04 4.486076E-13
 1.962354E+04 4.277301E-13
 1.000000E+06 1.000000E-16
