 1.000000E+01 4.355439E-08
 1.019184E+01 4.345993E-08
 1.038736E+01 4.335557E-08
 1.058663E+01 4.324242E-08
 1.078972E+01 4.312173E-08
 1.099671E+01 4.299227E-08
 1.120767E+01 4.285784E-08
 1.142268E+01 4.271423E-08
 1.164181E+01 4.256734E-08
 1.186515E+01 4.241085E-08
 1.209277E+01 4.225175E-08
 1.232476E+01 4.208300E-08
 1.256119E+01 4.191096E-08
 1.280217E+01 4.172988E-08
 1.304776E+01 4.154348E-08
 1.329807E+01 4.134992E-08
 1.355318E+01 4.114872E-08
 1.381318E+01 4.094287E-08
 1.407817E+01 4.072723E-08
 1.434825E+01 4.050954E-08
 1.462351E+01 4.028103E-08
 1.490404E+01 4.005229E-08
 1.518996E+01 3.981247E-08
 1.548136E+01 3.957315E-08
 1.577836E+01 3.932312E-08
 1.608105E+01 3.907175E-08
 1.638955E+01 3.881178E-08
 1.670396E+01 3.854634E-08
 1.702441E+01 3.827447E-08
 1.735101E+01 3.799349E-08
 1.768387E+01 3.770690E-08
 1.802311E+01 3.740974E-08
 1.836887E+01 3.710683E-08
 1.872126E+01 3.679430E-08
 1.908040E+01 3.647581E-08
 1.944644E+01 3.615000E-08
 1.981950E+01 3.581919E-08
 2.019972E+01 3.548315E-08
 2.058723E+01 3.514293E-08
 2.098217E+01 3.479913E-08
 2.138469E+01 3.445129E-08
 2.179493E+01 3.410155E-08
 2.221305E+01 3.374862E-08
 2.263918E+01 3.339397E-08
 2.307349E+01 3.303782E-08
 2.351613E+01 3.267916E-08
 2.396726E+01 3.231959E-08
 2.442705E+01 3.195723E-08
 2.489566E+01 3.159329E-08
 2.537325E+01 3.122545E-08
 2.586001E+01 3.085511E-08
 2.635611E+01 3.048033E-08
 2.686173E+01 3.010155E-08
 2.737704E+01 2.971937E-08
 2.790224E+01 2.933204E-08
 2.843751E+01 2.894283E-08
 2.898306E+01 2.854894E-08
 2.953907E+01 2.815575E-08
 3.010574E+01 2.775871E-08
 3.068329E+01 2.736446E-08
 3.127192E+01 2.696810E-08
 3.187184E+01 2.657496E-08
 3.248326E+01 2.618190E-08
 3.310642E+01 2.579140E-08
 3.374153E+01 2.540240E-08
 3.438883E+01 2.501462E-08
 3.504854E+01 2.462895E-08
 3.572091E+01 2.424346E-08
 3.640618E+01 2.385948E-08
 3.710459E+01 2.347554E-08
 3.781641E+01 2.309318E-08
 3.854187E+01 2.271036E-08
 3.928126E+01 2.233043E-08
 4.003483E+01 2.194946E-08
 4.080285E+01 2.157217E-08
 4.158561E+01 2.119495E-08
 4.238339E+01 2.082084E-08
 4.319647E+01 2.044960E-08
 4.402515E+01 2.008066E-08
 4.486973E+01 1.971671E-08
 4.573051E+01 1.935564E-08
 4.660780E+01 1.899971E-08
 4.750192E+01 1.864796E-08
 4.841319E+01 1.829990E-08
 4.934195E+01 1.795720E-08
 5.028852E+01 1.761674E-08
 5.125325E+01 1.728087E-08
 5.223649E+01 1.694709E-08
 5.323860E+01 1.661689E-08
 5.425992E+01 1.628911E-08
 5.530084E+01 1.596544E-08
 5.636173E+01 1.564470E-08
 5.744297E+01 1.532902E-08
 5.854495E+01 1.501764E-08
 5.966808E+01 1.471190E-08
 6.081275E+01 1.441111E-08
 6.197938E+01 1.411568E-08
 6.316839E+01 1.382516E-08
 6.438020E+01 1.353910E-08
 6.561527E+01 1.325773E-08
 6.687403E+01 1.297958E-08
 6.815694E+01 1.270580E-08
 6.946446E+01 1.243509E-08
 7.079706E+01 1.216894E-08
 7.215523E+01 1.190619E-08
 7.353945E+01 1.164824E-08
 7.495023E+01 1.139484E-08
 7.638807E+01 1.114561E-08
 7.785349E+01 1.090181E-08
 7.934703E+01 1.066162E-08
 8.086922E+01 1.042660E-08
 8.242061E+01 1.019509E-08
 8.400176E+01 9.968067E-09
 8.561325E+01 9.744103E-09
 8.725565E+01 9.523936E-09
 8.892956E+01 9.306686E-09
 9.063558E+01 9.093709E-09
 9.237432E+01 8.883462E-09
 9.414643E+01 8.678420E-09
 9.595253E+01 8.476098E-09
 9.779328E+01 8.278913E-09
 9.966934E+01 8.084024E-09
 1.015814E+02 7.894425E-09
 1.035301E+02 7.706053E-09
 1.055162E+02 7.522870E-09
 1.075405E+02 7.340726E-09
 1.096035E+02 7.163494E-09
 1.117061E+02 6.987701E-09
 1.138491E+02 6.816939E-09
 1.160332E+02 6.647679E-09
 1.182591E+02 6.484083E-09
 1.205278E+02 6.320971E-09
 1.228400E+02 6.163873E-09
 1.251966E+02 6.007132E-09
 1.275983E+02 5.855005E-09
 1.300462E+02 5.705115E-09
 1.325410E+02 5.558004E-09
 1.350836E+02 5.414361E-09
 1.376751E+02 5.273131E-09
 1.403162E+02 5.135158E-09
 1.430081E+02 5.000573E-09
 1.457515E+02 4.868001E-09
 1.485476E+02 4.739575E-09
 1.513973E+02 4.612823E-09
 1.543017E+02 4.489273E-09
 1.572618E+02 4.368542E-09
 1.602788E+02 4.250013E-09
 1.633535E+02 4.135267E-09
 1.664873E+02 4.022373E-09
 1.696812E+02 3.913188E-09
 1.729363E+02 3.806044E-09
 1.762539E+02 3.701868E-09
 1.796352E+02 3.600132E-09
 1.830813E+02 3.501066E-09
 1.865935E+02 3.404273E-09
 1.901731E+02 3.310664E-09
 1.938214E+02 3.218960E-09
 1.975396E+02 3.130645E-09
 2.013292E+02 3.043598E-09
 2.051915E+02 2.960203E-09
 2.091279E+02 2.877799E-09
 2.131398E+02 2.798767E-09
 2.172287E+02 2.721114E-09
 2.213960E+02 2.646463E-09
 2.256432E+02 2.573325E-09
 2.299720E+02 2.502716E-09
 2.343837E+02 2.433725E-09
 2.388801E+02 2.367107E-09
 2.434628E+02 2.301937E-09
 2.481334E+02 2.239154E-09
 2.528935E+02 2.177516E-09
 2.577450E+02 2.118408E-09
 2.626896E+02 2.060293E-09
 2.677290E+02 2.004416E-09
 2.728651E+02 1.949692E-09
 2.780998E+02 1.896685E-09
 2.834348E+02 1.845101E-09
 2.888722E+02 1.795158E-09
 2.944139E+02 1.746291E-09
 3.000619E+02 1.699335E-09
 3.058183E+02 1.653118E-09
 3.116851E+02 1.608628E-09
 3.176645E+02 1.565160E-09
 3.237585E+02 1.522969E-09
 3.299695E+02 1.482073E-09
 3.362996E+02 1.442221E-09
 3.427512E+02 1.403590E-09
 3.493265E+02 1.366003E-09
 3.560280E+02 1.329508E-09
 3.628580E+02 1.294037E-09
 3.698190E+02 1.259676E-09
 3.769136E+02 1.226127E-09
 3.841443E+02 1.193775E-09
 3.915137E+02 1.162114E-09
 3.990245E+02 1.131573E-09
 4.066794E+02 1.101785E-09
 4.144811E+02 1.072916E-09
 4.224325E+02 1.044885E-09
 4.305364E+02 1.017616E-09
 4.387958E+02 9.911581E-10
 4.472136E+02 9.654907E-10
 4.557929E+02 9.405392E-10
 4.645368E+02 9.162690E-10
 4.734485E+02 8.927689E-10
 4.825311E+02 8.698396E-10
 4.917879E+02 8.476394E-10
 5.012224E+02 8.260383E-10
 5.108378E+02 8.050262E-10
 5.206377E+02 7.846401E-10
 5.306256E+02 7.647868E-10
 5.408051E+02 7.454960E-10
 5.511798E+02 7.267603E-10
 5.617536E+02 7.085206E-10
 5.725303E+02 6.907923E-10
 5.835137E+02 6.735520E-10
 5.947078E+02 6.567737E-10
 6.061166E+02 6.404591E-10
 6.177443E+02 6.245894E-10
 6.295951E+02 6.091436E-10
 6.416732E+02 5.941090E-10
 6.539831E+02 5.794903E-10
 6.665290E+02 5.652491E-10
 6.793157E+02 5.513890E-10
 6.923477E+02 5.379028E-10
 7.056296E+02 5.247589E-10
 7.191664E+02 5.119632E-10
 7.329628E+02 4.995006E-10
 7.470239E+02 4.873585E-10
 7.613548E+02 4.755264E-10
 7.759606E+02 4.640019E-10
 7.908466E+02 4.527670E-10
 8.060182E+02 4.418144E-10
 8.214808E+02 4.311421E-10
 8.372400E+02 4.207322E-10
 8.533016E+02 4.105820E-10
 8.696713E+02 4.006828E-10
 8.863550E+02 3.910266E-10
 9.033588E+02 3.816069E-10
 9.206888E+02 3.724145E-10
 9.383512E+02 3.634479E-10
 9.563525E+02 3.546926E-10
 9.746991E+02 3.461509E-10
 9.933977E+02 3.378084E-10
 1.012455E+03 3.296668E-10
 1.031878E+03 3.217140E-10
 1.051673E+03 3.139479E-10
 1.071849E+03 3.063646E-10
 1.092411E+03 2.989539E-10
 1.113368E+03 2.917182E-10
 1.134726E+03 2.846440E-10
 1.156495E+03 2.777370E-10
 1.178681E+03 2.709822E-10
 1.201293E+03 2.643853E-10
 1.224338E+03 2.579329E-10
 1.247826E+03 2.516281E-10
 1.271764E+03 2.454646E-10
 1.296162E+03 2.394370E-10
 1.321027E+03 2.335474E-10
 1.346370E+03 2.277835E-10
 1.372198E+03 2.221533E-10
 1.398523E+03 2.166412E-10
 1.425352E+03 2.112568E-10
 1.452696E+03 2.059852E-10
 1.480564E+03 2.008329E-10
 1.508967E+03 1.957916E-10
 1.537915E+03 1.908605E-10
 1.567418E+03 1.860396E-10
 1.597488E+03 1.813201E-10
 1.628134E+03 1.767088E-10
 1.659368E+03 1.721921E-10
 1.691201E+03 1.677801E-10
 1.723645E+03 1.634588E-10
 1.756711E+03 1.592363E-10
 1.790412E+03 1.551025E-10
 1.824759E+03 1.510605E-10
 1.859765E+03 1.471074E-10
 1.895443E+03 1.432389E-10
 1.931805E+03 1.394591E-10
 1.968865E+03 1.357576E-10
 2.006635E+03 1.321431E-10
 2.045130E+03 1.286029E-10
 2.084364E+03 1.251461E-10
 2.124350E+03 1.217620E-10
 2.165104E+03 1.184555E-10
 2.206639E+03 1.152220E-10
 2.248971E+03 1.120604E-10
 2.292115E+03 1.089722E-10
 2.336087E+03 1.059505E-10
 2.380902E+03 1.030015E-10
 2.426578E+03 1.001150E-10
 2.473129E+03 9.729904E-11
 2.520573E+03 9.454394E-11
 2.568928E+03 9.185532E-11
 2.618210E+03 8.922721E-11
 2.668438E+03 8.666088E-11
 2.719629E+03 8.415549E-11
 2.771802E+03 8.170754E-11
 2.824976E+03 7.932028E-11
 2.879170E+03 7.698680E-11
 2.934404E+03 7.471276E-11
 2.990698E+03 7.249008E-11
 3.048071E+03 7.032441E-11
 3.106545E+03 6.820943E-11
 3.166141E+03 6.614744E-11
 3.226880E+03 6.413636E-11
 3.288784E+03 6.217472E-11
 3.351876E+03 6.026378E-11
 3.416178E+03 5.839908E-11
 3.481714E+03 5.658423E-11
 3.548507E+03 5.481310E-11
 3.616581E+03 5.309013E-11
 3.685962E+03 5.140981E-11
 3.756673E+03 4.977474E-11
 3.828741E+03 4.818201E-11
 3.902191E+03 4.663145E-11
 3.977051E+03 4.512293E-11
 4.053346E+03 4.365392E-11
 4.131105E+03 4.222622E-11
 4.210356E+03 4.083574E-11
 4.291128E+03 3.948529E-11
 4.373448E+03 3.817044E-11
 4.457348E+03 3.689369E-11
 4.542858E+03 3.565190E-11
 4.630008E+03 3.444555E-11
 4.718830E+03 3.327373E-11
 4.809355E+03 3.213511E-11
 4.901618E+03 3.103028E-11
 4.995650E+03 2.995663E-11
 5.091486E+03 2.891571E-11
 5.189161E+03 2.790428E-11
 5.288710E+03 2.692415E-11
 5.390168E+03 2.597256E-11
 5.493573E+03 2.505025E-11
 5.598961E+03 2.415586E-11
 5.706372E+03 2.328878E-11
 5.815842E+03 2.244886E-11
 5.927413E+03 2.163458E-11
 6.041124E+03 2.084651E-11
 6.157017E+03 2.008255E-11
 6.275133E+03 1.934366E-11
 6.395515E+03 1.862768E-11
 6.518206E+03 1.793535E-11
 6.643251E+03 1.726518E-11
 6.770695E+03 1.661698E-11
 6.900583E+03 1.599023E-11
 7.032964E+03 1.538403E-11
 7.167884E+03 1.479841E-11
 7.305392E+03 1.423205E-11
 7.445538E+03 1.368530E-11
 7.588373E+03 1.315668E-11
 7.733948E+03 1.264657E-11
 7.882316E+03 1.215376E-11
 8.033530E+03 1.167820E-11
 8.187644E+03 1.121922E-11
 8.344716E+03 1.077631E-11
 8.504800E+03 1.034920E-11
 8.667956E+03 9.937112E-12
 8.834242E+03 9.540010E-12
 9.003717E+03 9.156948E-12
 9.176444E+03 8.788020E-12
 9.352484E+03 8.432299E-12
 9.531902E+03 8.089783E-12
 9.714762E+03 7.759818E-12
 9.901129E+03 7.442089E-12
 1.009107E+04 7.136252E-12
 1.028466E+04 6.841814E-12
 1.048196E+04 6.558585E-12
 1.068304E+04 6.285968E-12
 1.088799E+04 6.023878E-12
 1.109686E+04 5.771685E-12
 1.130974E+04 5.529321E-12
 1.152671E+04 5.296257E-12
 1.174784E+04 5.072296E-12
 1.197321E+04 4.857092E-12
 1.220290E+04 4.650321E-12
 1.243700E+04 4.451755E-12
 1.267559E+04 4.261016E-12
 1.291876E+04 4.077944E-12
 1.316659E+04 3.902130E-12
 1.341918E+04 3.733457E-12
 1.367661E+04 3.571535E-12
 1.393898E+04 3.416225E-12
 1.420639E+04 3.267228E-12
 1.447892E+04 3.124328E-12
 1.475668E+04 2.987314E-12
 1.503978E+04 2.855937E-12
 1.532830E+04 2.730032E-12
 1.562236E+04 2.609333E-12
 1.592205E+04 2.493710E-12
 1.622750E+04 2.382899E-12
 1.653881E+04 2.276779E-12
 1.685609E+04 2.175124E-12
 1.717946E+04 2.077784E-12
 1.750903E+04 1.984588E-12
 1.784492E+04 1.895365E-12
 1.818725E+04 1.809974E-12
 1.853616E+04 1.728242E-12
 1.889175E+04 1.650050E-12
 1.925417E+04 1.575224E-12
 1.962354E+04 1.503662E-12
